Classic Timing Analyzer report for 111
Wed Jun 15 00:05:14 2016
Quartus II Version 9.0 Build 235 06/17/2009 Service Pack 2 SJ Web Edition


---------------------
; Table of Contents ;
---------------------
  1. Legal Notice
  2. Timing Analyzer Summary
  3. Timing Analyzer Settings
  4. Clock Settings Summary
  5. Parallel Compilation
  6. Clock Setup: 'CLK'
  7. tsu
  8. tco
  9. tpd
 10. th
 11. Timing Analyzer Messages



----------------
; Legal Notice ;
----------------
Copyright (C) 1991-2009 Altera Corporation
Your use of Altera Corporation's design tools, logic functions 
and other software and tools, and its AMPP partner logic 
functions, and any output files from any of the foregoing 
(including device programming or simulation files), and any 
associated documentation or information are expressly subject 
to the terms and conditions of the Altera Program License 
Subscription Agreement, Altera MegaCore Function License 
Agreement, or other applicable license agreement, including, 
without limitation, that your use is for the sole purpose of 
programming logic devices manufactured by Altera and sold by 
Altera or its authorized distributors.  Please refer to the 
applicable agreement for further details.



+----------------------------------------------------------------------------------------------------------------------------------------------------------------------------------------------+
; Timing Analyzer Summary                                                                                                                                                                      ;
+------------------------------+-------+---------------+------------------------------------------------+-----------------------+-----------------------+------------+----------+--------------+
; Type                         ; Slack ; Required Time ; Actual Time                                    ; From                  ; To                    ; From Clock ; To Clock ; Failed Paths ;
+------------------------------+-------+---------------+------------------------------------------------+-----------------------+-----------------------+------------+----------+--------------+
; Worst-case tsu               ; N/A   ; None          ; 2.909 ns                                       ; x                     ; 7476:inst|8           ; --         ; CLK      ; 0            ;
; Worst-case tco               ; N/A   ; None          ; 5.928 ns                                       ; 7476:inst|7~DUPLICATE ; Y                     ; CLK        ; --       ; 0            ;
; Worst-case tpd               ; N/A   ; None          ; 7.746 ns                                       ; x                     ; Y                     ; --         ; --       ; 0            ;
; Worst-case th                ; N/A   ; None          ; -2.550 ns                                      ; x                     ; 7476:inst|7~DUPLICATE ; --         ; CLK      ; 0            ;
; Clock Setup: 'CLK'           ; N/A   ; None          ; Restricted to 500.00 MHz ( period = 2.000 ns ) ; 7476:inst|8           ; 7476:inst|8           ; CLK        ; CLK      ; 0            ;
; Total number of failed paths ;       ;               ;                                                ;                       ;                       ;            ;          ; 0            ;
+------------------------------+-------+---------------+------------------------------------------------+-----------------------+-----------------------+------------+----------+--------------+


+--------------------------------------------------------------------------------------------------------------------+
; Timing Analyzer Settings                                                                                           ;
+---------------------------------------------------------------------+--------------------+------+----+-------------+
; Option                                                              ; Setting            ; From ; To ; Entity Name ;
+---------------------------------------------------------------------+--------------------+------+----+-------------+
; Device Name                                                         ; EP2S15F484C3       ;      ;    ;             ;
; Timing Models                                                       ; Final              ;      ;    ;             ;
; Default hold multicycle                                             ; Same as Multicycle ;      ;    ;             ;
; Cut paths between unrelated clock domains                           ; On                 ;      ;    ;             ;
; Cut off read during write signal paths                              ; On                 ;      ;    ;             ;
; Cut off feedback from I/O pins                                      ; On                 ;      ;    ;             ;
; Report Combined Fast/Slow Timing                                    ; Off                ;      ;    ;             ;
; Ignore Clock Settings                                               ; Off                ;      ;    ;             ;
; Analyze latches as synchronous elements                             ; On                 ;      ;    ;             ;
; Enable Recovery/Removal analysis                                    ; Off                ;      ;    ;             ;
; Enable Clock Latency                                                ; Off                ;      ;    ;             ;
; Use TimeQuest Timing Analyzer                                       ; Off                ;      ;    ;             ;
; Number of source nodes to report per destination node               ; 10                 ;      ;    ;             ;
; Number of destination nodes to report                               ; 10                 ;      ;    ;             ;
; Number of paths to report                                           ; 200                ;      ;    ;             ;
; Report Minimum Timing Checks                                        ; Off                ;      ;    ;             ;
; Use Fast Timing Models                                              ; Off                ;      ;    ;             ;
; Report IO Paths Separately                                          ; Off                ;      ;    ;             ;
; Perform Multicorner Analysis                                        ; On                 ;      ;    ;             ;
; Reports the worst-case path for each clock domain and analysis      ; Off                ;      ;    ;             ;
; Removes common clock path pessimism (CCPP) during slack computation ; Off                ;      ;    ;             ;
; Output I/O Timing Endpoint                                          ; Near End           ;      ;    ;             ;
+---------------------------------------------------------------------+--------------------+------+----+-------------+


+------------------------------------------------------------------------------------------------------------------------------------------------------------------------------------+
; Clock Settings Summary                                                                                                                                                             ;
+-----------------+--------------------+----------+------------------+---------------+--------------+----------+-----------------------+---------------------+--------+--------------+
; Clock Node Name ; Clock Setting Name ; Type     ; Fmax Requirement ; Early Latency ; Late Latency ; Based on ; Multiply Base Fmax by ; Divide Base Fmax by ; Offset ; Phase offset ;
+-----------------+--------------------+----------+------------------+---------------+--------------+----------+-----------------------+---------------------+--------+--------------+
; CLK             ;                    ; User Pin ; None             ; 0.000 ns      ; 0.000 ns     ; --       ; N/A                   ; N/A                 ; N/A    ;              ;
+-----------------+--------------------+----------+------------------+---------------+--------------+----------+-----------------------+---------------------+--------+--------------+


Parallel compilation was disabled, but you have multiple processors available. Enable parallel compilation to reduce compilation time.
+-------------------------------------+
; Parallel Compilation                ;
+----------------------------+--------+
; Processors                 ; Number ;
+----------------------------+--------+
; Number detected on machine ; 2      ;
; Maximum allowed            ; 1      ;
+----------------------------+--------+


+--------------------------------------------------------------------------------------------------------------------------------------------------------------------------------------------------------------------+
; Clock Setup: 'CLK'                                                                                                                                                                                                 ;
+-------+------------------------------------------------+-----------------------+-----------------------+------------+----------+-----------------------------+---------------------------+-------------------------+
; Slack ; Actual fmax (period)                           ; From                  ; To                    ; From Clock ; To Clock ; Required Setup Relationship ; Required Longest P2P Time ; Actual Longest P2P Time ;
+-------+------------------------------------------------+-----------------------+-----------------------+------------+----------+-----------------------------+---------------------------+-------------------------+
; N/A   ; Restricted to 500.00 MHz ( period = 2.000 ns ) ; 7476:inst|8           ; 7476:inst|8           ; CLK        ; CLK      ; None                        ; None                      ; 0.488 ns                ;
; N/A   ; Restricted to 500.00 MHz ( period = 2.000 ns ) ; 7476:inst|8           ; 7476:inst|7           ; CLK        ; CLK      ; None                        ; None                      ; 0.433 ns                ;
; N/A   ; Restricted to 500.00 MHz ( period = 2.000 ns ) ; 7476:inst|8           ; 7476:inst|7~DUPLICATE ; CLK        ; CLK      ; None                        ; None                      ; 0.432 ns                ;
; N/A   ; Restricted to 500.00 MHz ( period = 2.000 ns ) ; 7476:inst|7           ; 7476:inst|8           ; CLK        ; CLK      ; None                        ; None                      ; 0.413 ns                ;
; N/A   ; Restricted to 500.00 MHz ( period = 2.000 ns ) ; 7476:inst|7           ; 7476:inst|7           ; CLK        ; CLK      ; None                        ; None                      ; 0.396 ns                ;
; N/A   ; Restricted to 500.00 MHz ( period = 2.000 ns ) ; 7476:inst|7~DUPLICATE ; 7476:inst|7~DUPLICATE ; CLK        ; CLK      ; None                        ; None                      ; 0.396 ns                ;
+-------+------------------------------------------------+-----------------------+-----------------------+------------+----------+-----------------------------+---------------------------+-------------------------+


+-----------------------------------------------------------------------------+
; tsu                                                                         ;
+-------+--------------+------------+------+-----------------------+----------+
; Slack ; Required tsu ; Actual tsu ; From ; To                    ; To Clock ;
+-------+--------------+------------+------+-----------------------+----------+
; N/A   ; None         ; 2.909 ns   ; x    ; 7476:inst|8           ; CLK      ;
; N/A   ; None         ; 2.789 ns   ; x    ; 7476:inst|7           ; CLK      ;
; N/A   ; None         ; 2.789 ns   ; x    ; 7476:inst|7~DUPLICATE ; CLK      ;
+-------+--------------+------------+------+-----------------------+----------+


+-----------------------------------------------------------------------------+
; tco                                                                         ;
+-------+--------------+------------+-----------------------+----+------------+
; Slack ; Required tco ; Actual tco ; From                  ; To ; From Clock ;
+-------+--------------+------------+-----------------------+----+------------+
; N/A   ; None         ; 5.928 ns   ; 7476:inst|7~DUPLICATE ; Y  ; CLK        ;
; N/A   ; None         ; 5.741 ns   ; 7476:inst|8           ; Y  ; CLK        ;
+-------+--------------+------------+-----------------------+----+------------+


+---------------------------------------------------------+
; tpd                                                     ;
+-------+-------------------+-----------------+------+----+
; Slack ; Required P2P Time ; Actual P2P Time ; From ; To ;
+-------+-------------------+-----------------+------+----+
; N/A   ; None              ; 7.746 ns        ; x    ; Y  ;
+-------+-------------------+-----------------+------+----+


+-----------------------------------------------------------------------------------+
; th                                                                                ;
+---------------+-------------+-----------+------+-----------------------+----------+
; Minimum Slack ; Required th ; Actual th ; From ; To                    ; To Clock ;
+---------------+-------------+-----------+------+-----------------------+----------+
; N/A           ; None        ; -2.550 ns ; x    ; 7476:inst|7           ; CLK      ;
; N/A           ; None        ; -2.550 ns ; x    ; 7476:inst|7~DUPLICATE ; CLK      ;
; N/A           ; None        ; -2.670 ns ; x    ; 7476:inst|8           ; CLK      ;
+---------------+-------------+-----------+------+-----------------------+----------+


+--------------------------+
; Timing Analyzer Messages ;
+--------------------------+
Info: *******************************************************************
Info: Running Quartus II Classic Timing Analyzer
    Info: Version 9.0 Build 235 06/17/2009 Service Pack 2 SJ Web Edition
    Info: Processing started: Wed Jun 15 00:05:14 2016
Info: Command: quartus_tan --read_settings_files=off --write_settings_files=off 111 -c 111 --timing_analysis_only
Warning: Found pins functioning as undefined clocks and/or memory enables
    Info: Assuming node "CLK" is an undefined clock
Info: Clock "CLK" Internal fmax is restricted to 500.0 MHz between source register "7476:inst|8" and destination register "7476:inst|8"
    Info: fmax restricted to clock pin edge rate 2.0 ns. Expand message to see actual delay path.
        Info: + Longest register to register delay is 0.488 ns
            Info: 1: + IC(0.000 ns) + CELL(0.000 ns) = 0.000 ns; Loc. = LCFF_X26_Y26_N21; Fanout = 4; REG Node = '7476:inst|8'
            Info: 2: + IC(0.000 ns) + CELL(0.333 ns) = 0.333 ns; Loc. = LCCOMB_X26_Y26_N20; Fanout = 1; COMB Node = '7476:inst|8~3'
            Info: 3: + IC(0.000 ns) + CELL(0.155 ns) = 0.488 ns; Loc. = LCFF_X26_Y26_N21; Fanout = 4; REG Node = '7476:inst|8'
            Info: Total cell delay = 0.488 ns ( 100.00 % )
        Info: - Smallest clock skew is 0.000 ns
            Info: + Shortest clock path from clock "CLK" to destination register is 2.498 ns
                Info: 1: + IC(0.000 ns) + CELL(0.854 ns) = 0.854 ns; Loc. = PIN_N20; Fanout = 1; CLK Node = 'CLK'
                Info: 2: + IC(0.343 ns) + CELL(0.000 ns) = 1.197 ns; Loc. = CLKCTRL_G3; Fanout = 3; COMB Node = 'CLK~clkctrl'
                Info: 3: + IC(0.683 ns) + CELL(0.618 ns) = 2.498 ns; Loc. = LCFF_X26_Y26_N21; Fanout = 4; REG Node = '7476:inst|8'
                Info: Total cell delay = 1.472 ns ( 58.93 % )
                Info: Total interconnect delay = 1.026 ns ( 41.07 % )
            Info: - Longest clock path from clock "CLK" to source register is 2.498 ns
                Info: 1: + IC(0.000 ns) + CELL(0.854 ns) = 0.854 ns; Loc. = PIN_N20; Fanout = 1; CLK Node = 'CLK'
                Info: 2: + IC(0.343 ns) + CELL(0.000 ns) = 1.197 ns; Loc. = CLKCTRL_G3; Fanout = 3; COMB Node = 'CLK~clkctrl'
                Info: 3: + IC(0.683 ns) + CELL(0.618 ns) = 2.498 ns; Loc. = LCFF_X26_Y26_N21; Fanout = 4; REG Node = '7476:inst|8'
                Info: Total cell delay = 1.472 ns ( 58.93 % )
                Info: Total interconnect delay = 1.026 ns ( 41.07 % )
        Info: + Micro clock to output delay of source is 0.094 ns
        Info: + Micro setup delay of destination is 0.090 ns
Info: tsu for register "7476:inst|8" (data pin = "x", clock pin = "CLK") is 2.909 ns
    Info: + Longest pin to register delay is 5.317 ns
        Info: 1: + IC(0.000 ns) + CELL(0.830 ns) = 0.830 ns; Loc. = PIN_C1; Fanout = 4; PIN Node = 'x'
        Info: 2: + IC(3.966 ns) + CELL(0.366 ns) = 5.162 ns; Loc. = LCCOMB_X26_Y26_N20; Fanout = 1; COMB Node = '7476:inst|8~3'
        Info: 3: + IC(0.000 ns) + CELL(0.155 ns) = 5.317 ns; Loc. = LCFF_X26_Y26_N21; Fanout = 4; REG Node = '7476:inst|8'
        Info: Total cell delay = 1.351 ns ( 25.41 % )
        Info: Total interconnect delay = 3.966 ns ( 74.59 % )
    Info: + Micro setup delay of destination is 0.090 ns
    Info: - Shortest clock path from clock "CLK" to destination register is 2.498 ns
        Info: 1: + IC(0.000 ns) + CELL(0.854 ns) = 0.854 ns; Loc. = PIN_N20; Fanout = 1; CLK Node = 'CLK'
        Info: 2: + IC(0.343 ns) + CELL(0.000 ns) = 1.197 ns; Loc. = CLKCTRL_G3; Fanout = 3; COMB Node = 'CLK~clkctrl'
        Info: 3: + IC(0.683 ns) + CELL(0.618 ns) = 2.498 ns; Loc. = LCFF_X26_Y26_N21; Fanout = 4; REG Node = '7476:inst|8'
        Info: Total cell delay = 1.472 ns ( 58.93 % )
        Info: Total interconnect delay = 1.026 ns ( 41.07 % )
Info: tco from clock "CLK" to destination pin "Y" through register "7476:inst|7~DUPLICATE" is 5.928 ns
    Info: + Longest clock path from clock "CLK" to source register is 2.498 ns
        Info: 1: + IC(0.000 ns) + CELL(0.854 ns) = 0.854 ns; Loc. = PIN_N20; Fanout = 1; CLK Node = 'CLK'
        Info: 2: + IC(0.343 ns) + CELL(0.000 ns) = 1.197 ns; Loc. = CLKCTRL_G3; Fanout = 3; COMB Node = 'CLK~clkctrl'
        Info: 3: + IC(0.683 ns) + CELL(0.618 ns) = 2.498 ns; Loc. = LCFF_X26_Y26_N3; Fanout = 2; REG Node = '7476:inst|7~DUPLICATE'
        Info: Total cell delay = 1.472 ns ( 58.93 % )
        Info: Total interconnect delay = 1.026 ns ( 41.07 % )
    Info: + Micro clock to output delay of source is 0.094 ns
    Info: + Longest register to pin delay is 3.336 ns
        Info: 1: + IC(0.000 ns) + CELL(0.000 ns) = 0.000 ns; Loc. = LCFF_X26_Y26_N3; Fanout = 2; REG Node = '7476:inst|7~DUPLICATE'
        Info: 2: + IC(0.406 ns) + CELL(0.346 ns) = 0.752 ns; Loc. = LCCOMB_X26_Y26_N22; Fanout = 1; COMB Node = 'inst12'
        Info: 3: + IC(0.538 ns) + CELL(2.046 ns) = 3.336 ns; Loc. = PIN_C9; Fanout = 0; PIN Node = 'Y'
        Info: Total cell delay = 2.392 ns ( 71.70 % )
        Info: Total interconnect delay = 0.944 ns ( 28.30 % )
Info: Longest tpd from source pin "x" to destination pin "Y" is 7.746 ns
    Info: 1: + IC(0.000 ns) + CELL(0.830 ns) = 0.830 ns; Loc. = PIN_C1; Fanout = 4; PIN Node = 'x'
    Info: 2: + IC(3.966 ns) + CELL(0.366 ns) = 5.162 ns; Loc. = LCCOMB_X26_Y26_N22; Fanout = 1; COMB Node = 'inst12'
    Info: 3: + IC(0.538 ns) + CELL(2.046 ns) = 7.746 ns; Loc. = PIN_C9; Fanout = 0; PIN Node = 'Y'
    Info: Total cell delay = 3.242 ns ( 41.85 % )
    Info: Total interconnect delay = 4.504 ns ( 58.15 % )
Info: th for register "7476:inst|7" (data pin = "x", clock pin = "CLK") is -2.550 ns
    Info: + Longest clock path from clock "CLK" to destination register is 2.498 ns
        Info: 1: + IC(0.000 ns) + CELL(0.854 ns) = 0.854 ns; Loc. = PIN_N20; Fanout = 1; CLK Node = 'CLK'
        Info: 2: + IC(0.343 ns) + CELL(0.000 ns) = 1.197 ns; Loc. = CLKCTRL_G3; Fanout = 3; COMB Node = 'CLK~clkctrl'
        Info: 3: + IC(0.683 ns) + CELL(0.618 ns) = 2.498 ns; Loc. = LCFF_X26_Y26_N1; Fanout = 2; REG Node = '7476:inst|7'
        Info: Total cell delay = 1.472 ns ( 58.93 % )
        Info: Total interconnect delay = 1.026 ns ( 41.07 % )
    Info: + Micro hold delay of destination is 0.149 ns
    Info: - Shortest pin to register delay is 5.197 ns
        Info: 1: + IC(0.000 ns) + CELL(0.830 ns) = 0.830 ns; Loc. = PIN_C1; Fanout = 4; PIN Node = 'x'
        Info: 2: + IC(3.940 ns) + CELL(0.272 ns) = 5.042 ns; Loc. = LCCOMB_X26_Y26_N0; Fanout = 1; COMB Node = '7476:inst|7~3'
        Info: 3: + IC(0.000 ns) + CELL(0.155 ns) = 5.197 ns; Loc. = LCFF_X26_Y26_N1; Fanout = 2; REG Node = '7476:inst|7'
        Info: Total cell delay = 1.257 ns ( 24.19 % )
        Info: Total interconnect delay = 3.940 ns ( 75.81 % )
Info: Quartus II Classic Timing Analyzer was successful. 0 errors, 1 warning
    Info: Peak virtual memory: 197 megabytes
    Info: Processing ended: Wed Jun 15 00:05:14 2016
    Info: Elapsed time: 00:00:00
    Info: Total CPU time (on all processors): 00:00:00


