Flow report for ringCount
Tue May 16 16:17:15 2017
Quartus II 64-Bit Version 13.0.1 Build 232 06/12/2013 Service Pack 1 SJ Web Edition


---------------------
; Table of Contents ;
---------------------
  1. Legal Notice
  2. Flow Summary
  3. Flow Settings
  4. Flow Non-Default Global Settings
  5. Flow Elapsed Time
  6. Flow OS Summary
  7. Flow Log
  8. Flow Messages
  9. Flow Suppressed Messages



----------------
; Legal Notice ;
----------------
Copyright (C) 1991-2013 Altera Corporation
Your use of Altera Corporation's design tools, logic functions 
and other software and tools, and its AMPP partner logic 
functions, and any output files from any of the foregoing 
(including device programming or simulation files), and any 
associated documentation or information are expressly subject 
to the terms and conditions of the Altera Program License 
Subscription Agreement, Altera MegaCore Function License 
Agreement, or other applicable license agreement, including, 
without limitation, that your use is for the sole purpose of 
programming logic devices manufactured by Altera and sold by 
Altera or its authorized distributors.  Please refer to the 
applicable agreement for further details.



+--------------------------------------------------------------------------------------+
; Flow Summary                                                                         ;
+------------------------------------+-------------------------------------------------+
; Flow Status                        ; Successful - Tue May 16 16:17:15 2017           ;
; Quartus II 64-Bit Version          ; 13.0.1 Build 232 06/12/2013 SP 1 SJ Web Edition ;
; Revision Name                      ; ringCount                                       ;
; Top-level Entity Name              ; ringCount                                       ;
; Family                             ; Cyclone IV E                                    ;
; Device                             ; EP4CE6F17C8                                     ;
; Timing Models                      ; Final                                           ;
; Total logic elements               ; 8 / 6,272 ( < 1 % )                             ;
;     Total combinational functions  ; 2 / 6,272 ( < 1 % )                             ;
;     Dedicated logic registers      ; 8 / 6,272 ( < 1 % )                             ;
; Total registers                    ; 8                                               ;
; Total pins                         ; 10 / 180 ( 6 % )                                ;
; Total virtual pins                 ; 0                                               ;
; Total memory bits                  ; 0 / 276,480 ( 0 % )                             ;
; Embedded Multiplier 9-bit elements ; 0 / 30 ( 0 % )                                  ;
; Total PLLs                         ; 0 / 2 ( 0 % )                                   ;
+------------------------------------+-------------------------------------------------+


+-----------------------------------------+
; Flow Settings                           ;
+-------------------+---------------------+
; Option            ; Setting             ;
+-------------------+---------------------+
; Start date & time ; 05/16/2017 16:12:34 ;
; Main task         ; Compilation         ;
; Revision Name     ; ringCount           ;
+-------------------+---------------------+


+---------------------------------------------------------------------------------------------------------------------+
; Flow Non-Default Global Settings                                                                                    ;
+-------------------------------------+--------------------------------+---------------+-------------+----------------+
; Assignment Name                     ; Value                          ; Default Value ; Entity Name ; Section Id     ;
+-------------------------------------+--------------------------------+---------------+-------------+----------------+
; COMPILER_SIGNATURE_ID               ; 26833616778673.149491875305636 ; --            ; --          ; --             ;
; EDA_OUTPUT_DATA_FORMAT              ; Vhdl                           ; --            ; --          ; eda_simulation ;
; EDA_SIMULATION_TOOL                 ; ModelSim-Altera (VHDL)         ; <None>        ; --          ; --             ;
; MAX_CORE_JUNCTION_TEMP              ; 85                             ; --            ; --          ; --             ;
; MIN_CORE_JUNCTION_TEMP              ; 0                              ; --            ; --          ; --             ;
; NOMINAL_CORE_SUPPLY_VOLTAGE         ; 1.2V                           ; --            ; --          ; --             ;
; PARTITION_COLOR                     ; 16764057                       ; --            ; --          ; Top            ;
; PARTITION_FITTER_PRESERVATION_LEVEL ; PLACEMENT_AND_ROUTING          ; --            ; --          ; Top            ;
; PARTITION_NETLIST_TYPE              ; SOURCE                         ; --            ; --          ; Top            ;
; PROJECT_OUTPUT_DIRECTORY            ; output_files                   ; --            ; --          ; --             ;
+-------------------------------------+--------------------------------+---------------+-------------+----------------+


+-------------------------------------------------------------------------------------------------------------------------------+
; Flow Elapsed Time                                                                                                             ;
+---------------------------+--------------+-------------------------+---------------------+------------------------------------+
; Module Name               ; Elapsed Time ; Average Processors Used ; Peak Virtual Memory ; Total CPU Time (on all processors) ;
+---------------------------+--------------+-------------------------+---------------------+------------------------------------+
; Analysis & Synthesis      ; 00:00:02     ; 1.0                     ; 506 MB              ; 00:00:03                           ;
; Fitter                    ; 00:00:07     ; 1.0                     ; 774 MB              ; 00:00:07                           ;
; Assembler                 ; 00:00:02     ; 1.0                     ; 424 MB              ; 00:00:02                           ;
; TimeQuest Timing Analyzer ; 00:00:03     ; 1.0                     ; 490 MB              ; 00:00:03                           ;
; EDA Netlist Writer        ; 00:00:01     ; 1.0                     ; 397 MB              ; 00:00:01                           ;
; EDA Netlist Writer        ; 00:00:01     ; 1.0                     ; 393 MB              ; 00:00:01                           ;
; EDA Netlist Writer        ; 00:00:01     ; 1.0                     ; 393 MB              ; 00:00:01                           ;
; EDA Netlist Writer        ; 00:00:01     ; 1.0                     ; 393 MB              ; 00:00:01                           ;
; EDA Netlist Writer        ; 00:00:02     ; 1.0                     ; 393 MB              ; 00:00:01                           ;
; EDA Netlist Writer        ; 00:00:01     ; 1.0                     ; 393 MB              ; 00:00:01                           ;
; EDA Netlist Writer        ; 00:00:01     ; 1.0                     ; 393 MB              ; 00:00:01                           ;
; EDA Netlist Writer        ; 00:00:01     ; 1.0                     ; 393 MB              ; 00:00:01                           ;
; EDA Netlist Writer        ; 00:00:01     ; 1.0                     ; 393 MB              ; 00:00:01                           ;
; Total                     ; 00:00:24     ; --                      ; --                  ; 00:00:24                           ;
+---------------------------+--------------+-------------------------+---------------------+------------------------------------+


+----------------------------------------------------------------------------------------+
; Flow OS Summary                                                                        ;
+---------------------------+------------------+-----------+------------+----------------+
; Module Name               ; Machine Hostname ; OS Name   ; OS Version ; Processor type ;
+---------------------------+------------------+-----------+------------+----------------+
; Analysis & Synthesis      ; YG               ; Windows 7 ; 6.2        ; x86_64         ;
; Fitter                    ; YG               ; Windows 7 ; 6.2        ; x86_64         ;
; Assembler                 ; YG               ; Windows 7 ; 6.2        ; x86_64         ;
; TimeQuest Timing Analyzer ; YG               ; Windows 7 ; 6.2        ; x86_64         ;
; EDA Netlist Writer        ; YG               ; Windows 7 ; 6.2        ; x86_64         ;
; EDA Netlist Writer        ; YG               ; Windows 7 ; 6.2        ; x86_64         ;
; EDA Netlist Writer        ; YG               ; Windows 7 ; 6.2        ; x86_64         ;
; EDA Netlist Writer        ; YG               ; Windows 7 ; 6.2        ; x86_64         ;
; EDA Netlist Writer        ; YG               ; Windows 7 ; 6.2        ; x86_64         ;
; EDA Netlist Writer        ; YG               ; Windows 7 ; 6.2        ; x86_64         ;
; EDA Netlist Writer        ; YG               ; Windows 7 ; 6.2        ; x86_64         ;
; EDA Netlist Writer        ; YG               ; Windows 7 ; 6.2        ; x86_64         ;
; EDA Netlist Writer        ; YG               ; Windows 7 ; 6.2        ; x86_64         ;
+---------------------------+------------------+-----------+------------+----------------+


------------
; Flow Log ;
------------
quartus_map --read_settings_files=on --write_settings_files=off ringCount -c ringCount
quartus_fit --read_settings_files=off --write_settings_files=off ringCount -c ringCount
quartus_asm --read_settings_files=off --write_settings_files=off ringCount -c ringCount
quartus_sta ringCount -c ringCount
quartus_eda --read_settings_files=off --write_settings_files=off ringCount -c ringCount
quartus_eda --gen_testbench --check_outputs=on --tool=modelsim_oem --format=verilog ringCount -c ringCount --vector_source=D:/17_1/digital/0516/ringCount/ringCount.vwf --testbench_file=./simulation/qsim/ringCount.vt
quartus_eda --functional=on --simulation=on --tool=modelsim_oem --format=verilog ringCount -c ringCount
quartus_eda --gen_testbench --check_outputs=on --tool=modelsim_oem --format=verilog ringCount -c ringCount --vector_source=D:/17_1/digital/0516/ringCount/ringCount.vwf --testbench_file=./simulation/qsim/ringCount.vt
quartus_eda --functional=on --simulation=on --tool=modelsim_oem --format=verilog ringCount -c ringCount
quartus_eda --gen_testbench --check_outputs=on --tool=modelsim_oem --format=verilog ringCount -c ringCount --vector_source=D:/17_1/digital/0516/ringCount/ringCount.vwf --testbench_file=./simulation/qsim/ringCount.vt
quartus_eda --functional=on --simulation=on --tool=modelsim_oem --format=verilog ringCount -c ringCount
quartus_eda --gen_testbench --check_outputs=on --tool=modelsim_oem --format=verilog ringCount -c ringCount --vector_source=D:/17_1/digital/0516/ringCount/ringCount.vwf --testbench_file=./simulation/qsim/ringCount.vt
quartus_eda --functional=on --simulation=on --tool=modelsim_oem --format=verilog ringCount -c ringCount



