Classic Timing Analyzer report for 101
Tue Jun 14 23:43:49 2016
Quartus II Version 9.0 Build 235 06/17/2009 Service Pack 2 SJ Web Edition


---------------------
; Table of Contents ;
---------------------
  1. Legal Notice
  2. Timing Analyzer Summary
  3. Timing Analyzer Settings
  4. Clock Settings Summary
  5. Parallel Compilation
  6. Clock Setup: 'CLK'
  7. tsu
  8. tco
  9. tpd
 10. th
 11. Timing Analyzer Messages



----------------
; Legal Notice ;
----------------
Copyright (C) 1991-2009 Altera Corporation
Your use of Altera Corporation's design tools, logic functions 
and other software and tools, and its AMPP partner logic 
functions, and any output files from any of the foregoing 
(including device programming or simulation files), and any 
associated documentation or information are expressly subject 
to the terms and conditions of the Altera Program License 
Subscription Agreement, Altera MegaCore Function License 
Agreement, or other applicable license agreement, including, 
without limitation, that your use is for the sole purpose of 
programming logic devices manufactured by Altera and sold by 
Altera or its authorized distributors.  Please refer to the 
applicable agreement for further details.



+--------------------------------------------------------------------------------------------------------------------------------------------------------------------------+
; Timing Analyzer Summary                                                                                                                                                  ;
+------------------------------+-------+---------------+------------------------------------------------+-------------+-------------+------------+----------+--------------+
; Type                         ; Slack ; Required Time ; Actual Time                                    ; From        ; To          ; From Clock ; To Clock ; Failed Paths ;
+------------------------------+-------+---------------+------------------------------------------------+-------------+-------------+------------+----------+--------------+
; Worst-case tsu               ; N/A   ; None          ; 2.886 ns                                       ; x           ; 7476:inst|7 ; --         ; CLK      ; 0            ;
; Worst-case tco               ; N/A   ; None          ; 5.637 ns                                       ; 7476:inst|7 ; y           ; CLK        ; --       ; 0            ;
; Worst-case tpd               ; N/A   ; None          ; 7.325 ns                                       ; x           ; y           ; --         ; --       ; 0            ;
; Worst-case th                ; N/A   ; None          ; -2.402 ns                                      ; x           ; 7476:inst|8 ; --         ; CLK      ; 0            ;
; Clock Setup: 'CLK'           ; N/A   ; None          ; Restricted to 500.00 MHz ( period = 2.000 ns ) ; 7476:inst|8 ; 7476:inst|7 ; CLK        ; CLK      ; 0            ;
; Total number of failed paths ;       ;               ;                                                ;             ;             ;            ;          ; 0            ;
+------------------------------+-------+---------------+------------------------------------------------+-------------+-------------+------------+----------+--------------+


+--------------------------------------------------------------------------------------------------------------------+
; Timing Analyzer Settings                                                                                           ;
+---------------------------------------------------------------------+--------------------+------+----+-------------+
; Option                                                              ; Setting            ; From ; To ; Entity Name ;
+---------------------------------------------------------------------+--------------------+------+----+-------------+
; Device Name                                                         ; EP2S15F484C3       ;      ;    ;             ;
; Timing Models                                                       ; Final              ;      ;    ;             ;
; Default hold multicycle                                             ; Same as Multicycle ;      ;    ;             ;
; Cut paths between unrelated clock domains                           ; On                 ;      ;    ;             ;
; Cut off read during write signal paths                              ; On                 ;      ;    ;             ;
; Cut off feedback from I/O pins                                      ; On                 ;      ;    ;             ;
; Report Combined Fast/Slow Timing                                    ; Off                ;      ;    ;             ;
; Ignore Clock Settings                                               ; Off                ;      ;    ;             ;
; Analyze latches as synchronous elements                             ; On                 ;      ;    ;             ;
; Enable Recovery/Removal analysis                                    ; Off                ;      ;    ;             ;
; Enable Clock Latency                                                ; Off                ;      ;    ;             ;
; Use TimeQuest Timing Analyzer                                       ; Off                ;      ;    ;             ;
; Number of source nodes to report per destination node               ; 10                 ;      ;    ;             ;
; Number of destination nodes to report                               ; 10                 ;      ;    ;             ;
; Number of paths to report                                           ; 200                ;      ;    ;             ;
; Report Minimum Timing Checks                                        ; Off                ;      ;    ;             ;
; Use Fast Timing Models                                              ; Off                ;      ;    ;             ;
; Report IO Paths Separately                                          ; Off                ;      ;    ;             ;
; Perform Multicorner Analysis                                        ; On                 ;      ;    ;             ;
; Reports the worst-case path for each clock domain and analysis      ; Off                ;      ;    ;             ;
; Removes common clock path pessimism (CCPP) during slack computation ; Off                ;      ;    ;             ;
; Output I/O Timing Endpoint                                          ; Near End           ;      ;    ;             ;
+---------------------------------------------------------------------+--------------------+------+----+-------------+


+------------------------------------------------------------------------------------------------------------------------------------------------------------------------------------+
; Clock Settings Summary                                                                                                                                                             ;
+-----------------+--------------------+----------+------------------+---------------+--------------+----------+-----------------------+---------------------+--------+--------------+
; Clock Node Name ; Clock Setting Name ; Type     ; Fmax Requirement ; Early Latency ; Late Latency ; Based on ; Multiply Base Fmax by ; Divide Base Fmax by ; Offset ; Phase offset ;
+-----------------+--------------------+----------+------------------+---------------+--------------+----------+-----------------------+---------------------+--------+--------------+
; CLK             ;                    ; User Pin ; None             ; 0.000 ns      ; 0.000 ns     ; --       ; N/A                   ; N/A                 ; N/A    ;              ;
+-----------------+--------------------+----------+------------------+---------------+--------------+----------+-----------------------+---------------------+--------+--------------+


Parallel compilation was disabled, but you have multiple processors available. Enable parallel compilation to reduce compilation time.
+-------------------------------------+
; Parallel Compilation                ;
+----------------------------+--------+
; Processors                 ; Number ;
+----------------------------+--------+
; Number detected on machine ; 2      ;
; Maximum allowed            ; 1      ;
+----------------------------+--------+


+------------------------------------------------------------------------------------------------------------------------------------------------------------------------------------------------+
; Clock Setup: 'CLK'                                                                                                                                                                             ;
+-------+------------------------------------------------+-------------+-------------+------------+----------+-----------------------------+---------------------------+-------------------------+
; Slack ; Actual fmax (period)                           ; From        ; To          ; From Clock ; To Clock ; Required Setup Relationship ; Required Longest P2P Time ; Actual Longest P2P Time ;
+-------+------------------------------------------------+-------------+-------------+------------+----------+-----------------------------+---------------------------+-------------------------+
; N/A   ; Restricted to 500.00 MHz ( period = 2.000 ns ) ; 7476:inst|8 ; 7476:inst|7 ; CLK        ; CLK      ; None                        ; None                      ; 0.501 ns                ;
; N/A   ; Restricted to 500.00 MHz ( period = 2.000 ns ) ; 7476:inst|7 ; 7476:inst|7 ; CLK        ; CLK      ; None                        ; None                      ; 0.396 ns                ;
+-------+------------------------------------------------+-------------+-------------+------------+----------+-----------------------------+---------------------------+-------------------------+


+-------------------------------------------------------------------+
; tsu                                                               ;
+-------+--------------+------------+------+-------------+----------+
; Slack ; Required tsu ; Actual tsu ; From ; To          ; To Clock ;
+-------+--------------+------------+------+-------------+----------+
; N/A   ; None         ; 2.886 ns   ; x    ; 7476:inst|7 ; CLK      ;
; N/A   ; None         ; 2.641 ns   ; x    ; 7476:inst|8 ; CLK      ;
+-------+--------------+------------+------+-------------+----------+


+-------------------------------------------------------------------+
; tco                                                               ;
+-------+--------------+------------+-------------+----+------------+
; Slack ; Required tco ; Actual tco ; From        ; To ; From Clock ;
+-------+--------------+------------+-------------+----+------------+
; N/A   ; None         ; 5.637 ns   ; 7476:inst|7 ; y  ; CLK        ;
; N/A   ; None         ; 5.366 ns   ; 7476:inst|8 ; y  ; CLK        ;
+-------+--------------+------------+-------------+----+------------+


+---------------------------------------------------------+
; tpd                                                     ;
+-------+-------------------+-----------------+------+----+
; Slack ; Required P2P Time ; Actual P2P Time ; From ; To ;
+-------+-------------------+-----------------+------+----+
; N/A   ; None              ; 7.325 ns        ; x    ; y  ;
+-------+-------------------+-----------------+------+----+


+-------------------------------------------------------------------------+
; th                                                                      ;
+---------------+-------------+-----------+------+-------------+----------+
; Minimum Slack ; Required th ; Actual th ; From ; To          ; To Clock ;
+---------------+-------------+-----------+------+-------------+----------+
; N/A           ; None        ; -2.402 ns ; x    ; 7476:inst|8 ; CLK      ;
; N/A           ; None        ; -2.647 ns ; x    ; 7476:inst|7 ; CLK      ;
+---------------+-------------+-----------+------+-------------+----------+


+--------------------------+
; Timing Analyzer Messages ;
+--------------------------+
Info: *******************************************************************
Info: Running Quartus II Classic Timing Analyzer
    Info: Version 9.0 Build 235 06/17/2009 Service Pack 2 SJ Web Edition
    Info: Processing started: Tue Jun 14 23:43:49 2016
Info: Command: quartus_tan --read_settings_files=off --write_settings_files=off 101 -c 101 --timing_analysis_only
Warning: Found pins functioning as undefined clocks and/or memory enables
    Info: Assuming node "CLK" is an undefined clock
Info: Clock "CLK" Internal fmax is restricted to 500.0 MHz between source register "7476:inst|8" and destination register "7476:inst|7"
    Info: fmax restricted to clock pin edge rate 2.0 ns. Expand message to see actual delay path.
        Info: + Longest register to register delay is 0.501 ns
            Info: 1: + IC(0.000 ns) + CELL(0.000 ns) = 0.000 ns; Loc. = LCFF_X26_Y26_N23; Fanout = 2; REG Node = '7476:inst|8'
            Info: 2: + IC(0.293 ns) + CELL(0.053 ns) = 0.346 ns; Loc. = LCCOMB_X26_Y26_N0; Fanout = 1; COMB Node = '7476:inst|7~3'
            Info: 3: + IC(0.000 ns) + CELL(0.155 ns) = 0.501 ns; Loc. = LCFF_X26_Y26_N1; Fanout = 2; REG Node = '7476:inst|7'
            Info: Total cell delay = 0.208 ns ( 41.52 % )
            Info: Total interconnect delay = 0.293 ns ( 58.48 % )
        Info: - Smallest clock skew is 0.000 ns
            Info: + Shortest clock path from clock "CLK" to destination register is 2.498 ns
                Info: 1: + IC(0.000 ns) + CELL(0.854 ns) = 0.854 ns; Loc. = PIN_N20; Fanout = 1; CLK Node = 'CLK'
                Info: 2: + IC(0.343 ns) + CELL(0.000 ns) = 1.197 ns; Loc. = CLKCTRL_G3; Fanout = 2; COMB Node = 'CLK~clkctrl'
                Info: 3: + IC(0.683 ns) + CELL(0.618 ns) = 2.498 ns; Loc. = LCFF_X26_Y26_N1; Fanout = 2; REG Node = '7476:inst|7'
                Info: Total cell delay = 1.472 ns ( 58.93 % )
                Info: Total interconnect delay = 1.026 ns ( 41.07 % )
            Info: - Longest clock path from clock "CLK" to source register is 2.498 ns
                Info: 1: + IC(0.000 ns) + CELL(0.854 ns) = 0.854 ns; Loc. = PIN_N20; Fanout = 1; CLK Node = 'CLK'
                Info: 2: + IC(0.343 ns) + CELL(0.000 ns) = 1.197 ns; Loc. = CLKCTRL_G3; Fanout = 2; COMB Node = 'CLK~clkctrl'
                Info: 3: + IC(0.683 ns) + CELL(0.618 ns) = 2.498 ns; Loc. = LCFF_X26_Y26_N23; Fanout = 2; REG Node = '7476:inst|8'
                Info: Total cell delay = 1.472 ns ( 58.93 % )
                Info: Total interconnect delay = 1.026 ns ( 41.07 % )
        Info: + Micro clock to output delay of source is 0.094 ns
        Info: + Micro setup delay of destination is 0.090 ns
Info: tsu for register "7476:inst|7" (data pin = "x", clock pin = "CLK") is 2.886 ns
    Info: + Longest pin to register delay is 5.294 ns
        Info: 1: + IC(0.000 ns) + CELL(0.830 ns) = 0.830 ns; Loc. = PIN_C1; Fanout = 3; PIN Node = 'x'
        Info: 2: + IC(3.952 ns) + CELL(0.357 ns) = 5.139 ns; Loc. = LCCOMB_X26_Y26_N0; Fanout = 1; COMB Node = '7476:inst|7~3'
        Info: 3: + IC(0.000 ns) + CELL(0.155 ns) = 5.294 ns; Loc. = LCFF_X26_Y26_N1; Fanout = 2; REG Node = '7476:inst|7'
        Info: Total cell delay = 1.342 ns ( 25.35 % )
        Info: Total interconnect delay = 3.952 ns ( 74.65 % )
    Info: + Micro setup delay of destination is 0.090 ns
    Info: - Shortest clock path from clock "CLK" to destination register is 2.498 ns
        Info: 1: + IC(0.000 ns) + CELL(0.854 ns) = 0.854 ns; Loc. = PIN_N20; Fanout = 1; CLK Node = 'CLK'
        Info: 2: + IC(0.343 ns) + CELL(0.000 ns) = 1.197 ns; Loc. = CLKCTRL_G3; Fanout = 2; COMB Node = 'CLK~clkctrl'
        Info: 3: + IC(0.683 ns) + CELL(0.618 ns) = 2.498 ns; Loc. = LCFF_X26_Y26_N1; Fanout = 2; REG Node = '7476:inst|7'
        Info: Total cell delay = 1.472 ns ( 58.93 % )
        Info: Total interconnect delay = 1.026 ns ( 41.07 % )
Info: tco from clock "CLK" to destination pin "y" through register "7476:inst|7" is 5.637 ns
    Info: + Longest clock path from clock "CLK" to source register is 2.498 ns
        Info: 1: + IC(0.000 ns) + CELL(0.854 ns) = 0.854 ns; Loc. = PIN_N20; Fanout = 1; CLK Node = 'CLK'
        Info: 2: + IC(0.343 ns) + CELL(0.000 ns) = 1.197 ns; Loc. = CLKCTRL_G3; Fanout = 2; COMB Node = 'CLK~clkctrl'
        Info: 3: + IC(0.683 ns) + CELL(0.618 ns) = 2.498 ns; Loc. = LCFF_X26_Y26_N1; Fanout = 2; REG Node = '7476:inst|7'
        Info: Total cell delay = 1.472 ns ( 58.93 % )
        Info: Total interconnect delay = 1.026 ns ( 41.07 % )
    Info: + Micro clock to output delay of source is 0.094 ns
    Info: + Longest register to pin delay is 3.045 ns
        Info: 1: + IC(0.000 ns) + CELL(0.000 ns) = 0.000 ns; Loc. = LCFF_X26_Y26_N1; Fanout = 2; REG Node = '7476:inst|7'
        Info: 2: + IC(0.240 ns) + CELL(0.272 ns) = 0.512 ns; Loc. = LCCOMB_X26_Y26_N22; Fanout = 1; COMB Node = 'inst7'
        Info: 3: + IC(0.487 ns) + CELL(2.046 ns) = 3.045 ns; Loc. = PIN_C9; Fanout = 0; PIN Node = 'y'
        Info: Total cell delay = 2.318 ns ( 76.12 % )
        Info: Total interconnect delay = 0.727 ns ( 23.88 % )
Info: Longest tpd from source pin "x" to destination pin "y" is 7.325 ns
    Info: 1: + IC(0.000 ns) + CELL(0.830 ns) = 0.830 ns; Loc. = PIN_C1; Fanout = 3; PIN Node = 'x'
    Info: 2: + IC(3.909 ns) + CELL(0.053 ns) = 4.792 ns; Loc. = LCCOMB_X26_Y26_N22; Fanout = 1; COMB Node = 'inst7'
    Info: 3: + IC(0.487 ns) + CELL(2.046 ns) = 7.325 ns; Loc. = PIN_C9; Fanout = 0; PIN Node = 'y'
    Info: Total cell delay = 2.929 ns ( 39.99 % )
    Info: Total interconnect delay = 4.396 ns ( 60.01 % )
Info: th for register "7476:inst|8" (data pin = "x", clock pin = "CLK") is -2.402 ns
    Info: + Longest clock path from clock "CLK" to destination register is 2.498 ns
        Info: 1: + IC(0.000 ns) + CELL(0.854 ns) = 0.854 ns; Loc. = PIN_N20; Fanout = 1; CLK Node = 'CLK'
        Info: 2: + IC(0.343 ns) + CELL(0.000 ns) = 1.197 ns; Loc. = CLKCTRL_G3; Fanout = 2; COMB Node = 'CLK~clkctrl'
        Info: 3: + IC(0.683 ns) + CELL(0.618 ns) = 2.498 ns; Loc. = LCFF_X26_Y26_N23; Fanout = 2; REG Node = '7476:inst|8'
        Info: Total cell delay = 1.472 ns ( 58.93 % )
        Info: Total interconnect delay = 1.026 ns ( 41.07 % )
    Info: + Micro hold delay of destination is 0.149 ns
    Info: - Shortest pin to register delay is 5.049 ns
        Info: 1: + IC(0.000 ns) + CELL(0.830 ns) = 0.830 ns; Loc. = PIN_C1; Fanout = 3; PIN Node = 'x'
        Info: 2: + IC(3.910 ns) + CELL(0.309 ns) = 5.049 ns; Loc. = LCFF_X26_Y26_N23; Fanout = 2; REG Node = '7476:inst|8'
        Info: Total cell delay = 1.139 ns ( 22.56 % )
        Info: Total interconnect delay = 3.910 ns ( 77.44 % )
Info: Quartus II Classic Timing Analyzer was successful. 0 errors, 1 warning
    Info: Peak virtual memory: 197 megabytes
    Info: Processing ended: Tue Jun 14 23:43:49 2016
    Info: Elapsed time: 00:00:00
    Info: Total CPU time (on all processors): 00:00:00


